submitit INFO (2023-03-08 19:16:51,830) - Starting with JobEnvironment(job_id=3218767, hostname=gv018.hpc.nyu.edu, local_rank=0(1), node=0(1), global_rank=0(1))
submitit INFO (2023-03-08 19:16:51,831) - Loading pickle: /scratch/ssc10020/IndependentStudy/SLIP/SLIP/checkpoint/experiments/slip/3218767/3218767_submitted.pkl
Process group: 1 tasks, rank: 0
Not using distributed mode
=> creating model: SLIP_VITB16
=> creating dataset
Namespace(dataset='isic', root='/scratch/ssc10020/IndependentStudy/SLIP/dataset/ISIC/', metadata='/scratch/ssc10020/IndependentStudy/SLIP/dataset/ISIC/train_split_metadata.csv', output_dir=PosixPath('/scratch/ssc10020/IndependentStudy/SLIP/SLIP/checkpoint/experiments/slip/3218767'), model='SLIP_VITB16', ssl_mlp_dim=4096, ssl_emb_dim=256, ssl_scale=1.0, ssl_temp=0.1, resume='', epochs=25, warmup_epochs=1, start_epoch=0, batch_size=4, lr=0.003, lr_start=1e-06, lr_end=1e-05, update_freq=1, wd=0.1, betas=(0.9, 0.98), eps=1e-08, eval_freq=1, disable_amp=False, print_freq=10, workers=10, evaluate=False, world_size=1, rank=0, local_rank=0, dist_url='file:///scratch/ssc10020/IndependentStudy/SLIP/SLIP/checkpoint/experiments/slip/48d746f986d34a4d8e3941a4db4a1629_init', dist_backend='nccl', seed=0, gpu=0, wandb=False, ngpus=1, nodes=1, timeout=2800, job_dir=PosixPath('/scratch/ssc10020/IndependentStudy/SLIP/SLIP/checkpoint/experiments/slip/%j'), partition='learnlab', use_volta32=False, comment='', distributed=False)
=> beginning training
Epoch: [0][   0/4052]	Time  10.27 ( 10.27)	Data   6.29 (  6.29)	Mem (GB)    8.0 (   8.0)	loss 1.85e+00 (1.85e+00)	clip_loss 1.41e+00 (1.41e+00)	ssl_loss 4.43e-01 (4.43e-01)	clip_acc 2.50e+01 (2.50e+01)	ssl_acc 1.00e+02 (1.00e+02)
Epoch: [0][  10/4052]	Time   0.23 (  1.14)	Data   0.00 (  0.57)	Mem (GB)    9.0 (   8.9)	loss 3.40e+00 (2.81e+00)	clip_loss 1.38e+00 (1.41e+00)	ssl_loss 2.02e+00 (1.40e+00)	clip_acc 2.50e+01 (2.27e+01)	ssl_acc 0.00e+00 (5.00e+01)
Epoch: [0][  20/4052]	Time   0.22 (  0.70)	Data   0.00 (  0.30)	Mem (GB)    9.0 (   9.0)	loss 2.59e+00 (2.61e+00)	clip_loss 1.33e+00 (1.41e+00)	ssl_loss 1.26e+00 (1.20e+00)	clip_acc 2.50e+01 (1.90e+01)	ssl_acc 5.00e+01 (5.83e+01)
Epoch: [0][  30/4052]	Time   0.23 (  0.55)	Data   0.00 (  0.20)	Mem (GB)    9.0 (   9.0)	loss 2.77e+00 (2.86e+00)	clip_loss 1.52e+00 (1.44e+00)	ssl_loss 1.26e+00 (1.42e+00)	clip_acc 2.50e+01 (2.10e+01)	ssl_acc 2.50e+01 (5.16e+01)
Epoch: [0][  40/4052]	Time   0.24 (  0.47)	Data   0.00 (  0.15)	Mem (GB)    9.0 (   9.0)	loss 2.91e+00 (2.89e+00)	clip_loss 1.43e+00 (1.44e+00)	ssl_loss 1.48e+00 (1.44e+00)	clip_acc 2.50e+01 (2.50e+01)	ssl_acc 2.50e+01 (5.00e+01)
Epoch: [0][  50/4052]	Time   0.23 (  0.42)	Data   0.00 (  0.12)	Mem (GB)    9.0 (   9.0)	loss 2.52e+00 (2.89e+00)	clip_loss 1.51e+00 (1.45e+00)	ssl_loss 1.01e+00 (1.44e+00)	clip_acc 5.00e+01 (2.45e+01)	ssl_acc 7.50e+01 (5.05e+01)
Epoch: [0][  60/4052]	Time   0.23 (  0.39)	Data   0.00 (  0.10)	Mem (GB)    9.0 (   9.0)	loss 2.37e+00 (2.88e+00)	clip_loss 1.46e+00 (1.44e+00)	ssl_loss 9.05e-01 (1.44e+00)	clip_acc 0.00e+00 (2.66e+01)	ssl_acc 7.50e+01 (5.00e+01)
Epoch: [0][  70/4052]	Time   0.22 (  0.37)	Data   0.00 (  0.09)	Mem (GB)    9.0 (   9.0)	loss 3.44e+00 (2.91e+00)	clip_loss 1.35e+00 (1.43e+00)	ssl_loss 2.09e+00 (1.48e+00)	clip_acc 2.50e+01 (2.68e+01)	ssl_acc 5.00e+01 (5.00e+01)
Epoch: [0][  80/4052]	Time   0.22 (  0.35)	Data   0.00 (  0.08)	Mem (GB)    9.0 (   9.0)	loss 3.67e+00 (2.94e+00)	clip_loss 1.42e+00 (1.43e+00)	ssl_loss 2.25e+00 (1.51e+00)	clip_acc 0.00e+00 (2.65e+01)	ssl_acc 5.00e+01 (4.85e+01)
Epoch: [0][  90/4052]	Time   0.22 (  0.34)	Data   0.00 (  0.07)	Mem (GB)    9.0 (   9.0)	loss 2.21e+00 (2.92e+00)	clip_loss 1.47e+00 (1.43e+00)	ssl_loss 7.47e-01 (1.50e+00)	clip_acc 2.50e+01 (2.55e+01)	ssl_acc 7.50e+01 (4.81e+01)
Epoch: [0][ 100/4052]	Time   0.22 (  0.32)	Data   0.00 (  0.06)	Mem (GB)    9.0 (   9.0)	loss 2.35e+00 (2.91e+00)	clip_loss 1.42e+00 (1.42e+00)	ssl_loss 9.27e-01 (1.48e+00)	clip_acc 0.00e+00 (2.60e+01)	ssl_acc 7.50e+01 (4.88e+01)
Epoch: [0][ 110/4052]	Time   0.23 (  0.31)	Data   0.00 (  0.06)	Mem (GB)    9.0 (   9.0)	loss 2.71e+00 (2.90e+00)	clip_loss 1.31e+00 (1.42e+00)	ssl_loss 1.40e+00 (1.48e+00)	clip_acc 5.00e+01 (2.61e+01)	ssl_acc 5.00e+01 (4.89e+01)
Epoch: [0][ 120/4052]	Time   0.22 (  0.31)	Data   0.00 (  0.05)	Mem (GB)    9.0 (   9.0)	loss 2.83e+00 (2.87e+00)	clip_loss 1.51e+00 (1.42e+00)	ssl_loss 1.31e+00 (1.46e+00)	clip_acc 2.50e+01 (2.60e+01)	ssl_acc 5.00e+01 (4.98e+01)
Epoch: [0][ 130/4052]	Time   0.22 (  0.30)	Data   0.00 (  0.05)	Mem (GB)    9.0 (   9.0)	loss 2.48e+00 (2.88e+00)	clip_loss 1.45e+00 (1.42e+00)	ssl_loss 1.03e+00 (1.47e+00)	clip_acc 2.50e+01 (2.58e+01)	ssl_acc 7.50e+01 (4.96e+01)
Epoch: [0][ 140/4052]	Time   0.23 (  0.29)	Data   0.00 (  0.04)	Mem (GB)    9.0 (   9.0)	loss 2.50e+00 (2.87e+00)	clip_loss 1.39e+00 (1.42e+00)	ssl_loss 1.11e+00 (1.46e+00)	clip_acc 2.50e+01 (2.55e+01)	ssl_acc 7.50e+01 (4.98e+01)
Epoch: [0][ 150/4052]	Time   0.23 (  0.29)	Data   0.00 (  0.04)	Mem (GB)    9.0 (   9.0)	loss 2.65e+00 (2.87e+00)	clip_loss 1.40e+00 (1.42e+00)	ssl_loss 1.25e+00 (1.45e+00)	clip_acc 0.00e+00 (2.55e+01)	ssl_acc 5.00e+01 (4.95e+01)
Epoch: [0][ 160/4052]	Time   0.22 (  0.29)	Data   0.00 (  0.04)	Mem (GB)    9.0 (   9.0)	loss 2.63e+00 (2.86e+00)	clip_loss 1.62e+00 (1.43e+00)	ssl_loss 1.01e+00 (1.44e+00)	clip_acc 0.00e+00 (2.56e+01)	ssl_acc 7.50e+01 (5.05e+01)
Epoch: [0][ 170/4052]	Time   0.23 (  0.28)	Data   0.00 (  0.04)	Mem (GB)    9.0 (   9.0)	loss 2.64e+00 (2.87e+00)	clip_loss 1.42e+00 (1.43e+00)	ssl_loss 1.22e+00 (1.44e+00)	clip_acc 0.00e+00 (2.56e+01)	ssl_acc 5.00e+01 (5.04e+01)
Epoch: [0][ 180/4052]	Time   0.23 (  0.28)	Data   0.00 (  0.04)	Mem (GB)    9.0 (   9.0)	loss 3.64e+00 (2.88e+00)	clip_loss 1.37e+00 (1.43e+00)	ssl_loss 2.27e+00 (1.45e+00)	clip_acc 2.50e+01 (2.60e+01)	ssl_acc 5.00e+01 (5.07e+01)
Epoch: [0][ 190/4052]	Time   0.23 (  0.28)	Data   0.00 (  0.03)	Mem (GB)    9.0 (   9.0)	loss 3.05e+00 (2.88e+00)	clip_loss 1.38e+00 (1.43e+00)	ssl_loss 1.67e+00 (1.45e+00)	clip_acc 2.50e+01 (2.59e+01)	ssl_acc 5.00e+01 (5.07e+01)
Epoch: [0][ 200/4052]	Time   0.24 (  0.27)	Data   0.00 (  0.03)	Mem (GB)    9.0 (   9.0)	loss 2.70e+00 (2.87e+00)	clip_loss 1.39e+00 (1.43e+00)	ssl_loss 1.31e+00 (1.44e+00)	clip_acc 0.00e+00 (2.60e+01)	ssl_acc 7.50e+01 (5.09e+01)
Epoch: [0][ 210/4052]	Time   0.22 (  0.27)	Data   0.00 (  0.03)	Mem (GB)    9.0 (   9.0)	loss 2.44e+00 (2.86e+00)	clip_loss 1.39e+00 (1.42e+00)	ssl_loss 1.05e+00 (1.44e+00)	clip_acc 2.50e+01 (2.63e+01)	ssl_acc 2.50e+01 (5.07e+01)
Epoch: [0][ 220/4052]	Time   0.23 (  0.27)	Data   0.00 (  0.03)	Mem (GB)    9.0 (   9.0)	loss 3.14e+00 (2.88e+00)	clip_loss 1.34e+00 (1.43e+00)	ssl_loss 1.80e+00 (1.45e+00)	clip_acc 7.50e+01 (2.62e+01)	ssl_acc 2.50e+01 (5.05e+01)
Epoch: [0][ 230/4052]	Time   0.23 (  0.27)	Data   0.00 (  0.03)	Mem (GB)    9.0 (   9.0)	loss 2.44e+00 (2.88e+00)	clip_loss 1.39e+00 (1.43e+00)	ssl_loss 1.04e+00 (1.45e+00)	clip_acc 2.50e+01 (2.63e+01)	ssl_acc 1.00e+02 (5.05e+01)
Epoch: [0][ 240/4052]	Time   0.22 (  0.27)	Data   0.00 (  0.03)	Mem (GB)    9.0 (   9.0)	loss 3.06e+00 (2.89e+00)	clip_loss 1.39e+00 (1.42e+00)	ssl_loss 1.67e+00 (1.46e+00)	clip_acc 2.50e+01 (2.63e+01)	ssl_acc 2.50e+01 (5.00e+01)
Epoch: [0][ 250/4052]	Time   0.24 (  0.26)	Data   0.00 (  0.03)	Mem (GB)    9.0 (   9.0)	loss 2.81e+00 (2.89e+00)	clip_loss 1.39e+00 (1.42e+00)	ssl_loss 1.42e+00 (1.47e+00)	clip_acc 2.50e+01 (2.65e+01)	ssl_acc 5.00e+01 (4.98e+01)
Epoch: [0][ 260/4052]	Time   0.23 (  0.26)	Data   0.00 (  0.02)	Mem (GB)    9.0 (   9.0)	loss 2.60e+00 (2.90e+00)	clip_loss 1.39e+00 (1.42e+00)	ssl_loss 1.21e+00 (1.47e+00)	clip_acc 2.50e+01 (2.63e+01)	ssl_acc 5.00e+01 (4.92e+01)
Epoch: [0][ 270/4052]	Time   0.24 (  0.26)	Data   0.00 (  0.02)	Mem (GB)    9.0 (   9.0)	loss 3.80e+00 (2.91e+00)	clip_loss 1.39e+00 (1.42e+00)	ssl_loss 2.41e+00 (1.48e+00)	clip_acc 0.00e+00 (2.62e+01)	ssl_acc 5.00e+01 (4.86e+01)
Epoch: [0][ 280/4052]	Time   0.22 (  0.26)	Data   0.00 (  0.02)	Mem (GB)    9.0 (   9.0)	loss 3.04e+00 (2.91e+00)	clip_loss 1.38e+00 (1.42e+00)	ssl_loss 1.67e+00 (1.48e+00)	clip_acc 5.00e+01 (2.66e+01)	ssl_acc 0.00e+00 (4.84e+01)
Epoch: [0][ 290/4052]	Time   0.23 (  0.26)	Data   0.00 (  0.02)	Mem (GB)    9.0 (   9.0)	loss 3.35e+00 (2.92e+00)	clip_loss 1.38e+00 (1.42e+00)	ssl_loss 1.96e+00 (1.50e+00)	clip_acc 2.50e+01 (2.68e+01)	ssl_acc 5.00e+01 (4.79e+01)
Epoch: [0][ 300/4052]	Time   0.23 (  0.26)	Data   0.00 (  0.02)	Mem (GB)    9.0 (   9.0)	loss 3.10e+00 (2.92e+00)	clip_loss 1.41e+00 (1.42e+00)	ssl_loss 1.69e+00 (1.50e+00)	clip_acc 2.50e+01 (2.69e+01)	ssl_acc 2.50e+01 (4.81e+01)
Epoch: [0][ 310/4052]	Time   0.22 (  0.26)	Data   0.00 (  0.02)	Mem (GB)    9.0 (   9.0)	loss 2.64e+00 (2.93e+00)	clip_loss 1.59e+00 (1.42e+00)	ssl_loss 1.05e+00 (1.51e+00)	clip_acc 0.00e+00 (2.68e+01)	ssl_acc 5.00e+01 (4.76e+01)
Epoch: [0][ 320/4052]	Time   0.23 (  0.26)	Data   0.00 (  0.02)	Mem (GB)    9.0 (   9.0)	loss 3.42e+00 (2.93e+00)	clip_loss 1.42e+00 (1.42e+00)	ssl_loss 2.00e+00 (1.51e+00)	clip_acc 2.50e+01 (2.70e+01)	ssl_acc 2.50e+01 (4.74e+01)
Epoch: [0][ 330/4052]	Time   0.22 (  0.25)	Data   0.00 (  0.02)	Mem (GB)    9.0 (   9.0)	loss 2.75e+00 (2.94e+00)	clip_loss 1.38e+00 (1.42e+00)	ssl_loss 1.37e+00 (1.52e+00)	clip_acc 2.50e+01 (2.69e+01)	ssl_acc 2.50e+01 (4.71e+01)
Epoch: [0][ 340/4052]	Time   0.24 (  0.25)	Data   0.00 (  0.02)	Mem (GB)    9.0 (   9.0)	loss 2.53e+00 (2.94e+00)	clip_loss 1.38e+00 (1.42e+00)	ssl_loss 1.15e+00 (1.52e+00)	clip_acc 0.00e+00 (2.68e+01)	ssl_acc 1.00e+02 (4.71e+01)
Epoch: [0][ 350/4052]	Time   0.23 (  0.25)	Data   0.00 (  0.02)	Mem (GB)    9.0 (   9.0)	loss 3.23e+00 (2.94e+00)	clip_loss 1.37e+00 (1.42e+00)	ssl_loss 1.86e+00 (1.52e+00)	clip_acc 2.50e+01 (2.68e+01)	ssl_acc 0.00e+00 (4.74e+01)
Epoch: [0][ 360/4052]	Time   0.22 (  0.25)	Data   0.00 (  0.02)	Mem (GB)    9.0 (   9.0)	loss 2.77e+00 (2.94e+00)	clip_loss 1.45e+00 (1.42e+00)	ssl_loss 1.31e+00 (1.52e+00)	clip_acc 2.50e+01 (2.66e+01)	ssl_acc 2.50e+01 (4.70e+01)
Epoch: [0][ 370/4052]	Time   0.23 (  0.25)	Data   0.00 (  0.02)	Mem (GB)    9.0 (   9.0)	loss 2.82e+00 (2.95e+00)	clip_loss 1.39e+00 (1.42e+00)	ssl_loss 1.43e+00 (1.53e+00)	clip_acc 2.50e+01 (2.66e+01)	ssl_acc 5.00e+01 (4.67e+01)
Epoch: [0][ 380/4052]	Time   0.22 (  0.25)	Data   0.00 (  0.02)	Mem (GB)    9.0 (   9.0)	loss 3.69e+00 (2.95e+00)	clip_loss 1.56e+00 (1.42e+00)	ssl_loss 2.13e+00 (1.54e+00)	clip_acc 5.00e+01 (2.68e+01)	ssl_acc 2.50e+01 (4.62e+01)
Epoch: [0][ 390/4052]	Time   0.22 (  0.25)	Data   0.00 (  0.02)	Mem (GB)    9.0 (   9.0)	loss 3.36e+00 (2.96e+00)	clip_loss 1.38e+00 (1.42e+00)	ssl_loss 1.98e+00 (1.55e+00)	clip_acc 2.50e+01 (2.69e+01)	ssl_acc 0.00e+00 (4.57e+01)
Epoch: [0][ 400/4052]	Time   0.22 (  0.25)	Data   0.00 (  0.02)	Mem (GB)    9.0 (   9.0)	loss 3.29e+00 (2.97e+00)	clip_loss 1.39e+00 (1.42e+00)	ssl_loss 1.90e+00 (1.55e+00)	clip_acc 0.00e+00 (2.68e+01)	ssl_acc 2.50e+01 (4.54e+01)
Epoch: [0][ 410/4052]	Time   0.24 (  0.25)	Data   0.00 (  0.02)	Mem (GB)    9.0 (   9.0)	loss 3.41e+00 (2.98e+00)	clip_loss 1.39e+00 (1.41e+00)	ssl_loss 2.02e+00 (1.56e+00)	clip_acc 7.50e+01 (2.72e+01)	ssl_acc 0.00e+00 (4.49e+01)
Epoch: [0][ 420/4052]	Time   0.22 (  0.25)	Data   0.00 (  0.02)	Mem (GB)    9.0 (   9.0)	loss 3.24e+00 (2.98e+00)	clip_loss 1.40e+00 (1.41e+00)	ssl_loss 1.84e+00 (1.57e+00)	clip_acc 2.50e+01 (2.71e+01)	ssl_acc 2.50e+01 (4.43e+01)
Epoch: [0][ 430/4052]	Time   0.21 (  0.25)	Data   0.00 (  0.01)	Mem (GB)    9.0 (   9.0)	loss 3.26e+00 (2.99e+00)	clip_loss 1.39e+00 (1.41e+00)	ssl_loss 1.87e+00 (1.58e+00)	clip_acc 2.50e+01 (2.70e+01)	ssl_acc 0.00e+00 (4.38e+01)
Epoch: [0][ 440/4052]	Time   0.22 (  0.25)	Data   0.00 (  0.01)	Mem (GB)    9.0 (   9.0)	loss 3.69e+00 (3.00e+00)	clip_loss 1.38e+00 (1.41e+00)	ssl_loss 2.30e+00 (1.59e+00)	clip_acc 2.50e+01 (2.70e+01)	ssl_acc 2.50e+01 (4.33e+01)
Epoch: [0][ 450/4052]	Time   0.22 (  0.25)	Data   0.00 (  0.01)	Mem (GB)    9.0 (   9.0)	loss 3.59e+00 (3.00e+00)	clip_loss 1.39e+00 (1.41e+00)	ssl_loss 2.20e+00 (1.59e+00)	clip_acc 2.50e+01 (2.70e+01)	ssl_acc 2.50e+01 (4.28e+01)
Epoch: [0][ 460/4052]	Time   0.22 (  0.25)	Data   0.00 (  0.01)	Mem (GB)    9.0 (   9.0)	loss 3.69e+00 (3.01e+00)	clip_loss 1.39e+00 (1.41e+00)	ssl_loss 2.30e+00 (1.60e+00)	clip_acc 2.50e+01 (2.70e+01)	ssl_acc 0.00e+00 (4.27e+01)
Epoch: [0][ 470/4052]	Time   0.22 (  0.25)	Data   0.00 (  0.01)	Mem (GB)    9.0 (   9.0)	loss 3.26e+00 (3.02e+00)	clip_loss 1.39e+00 (1.41e+00)	ssl_loss 1.87e+00 (1.60e+00)	clip_acc 2.50e+01 (2.70e+01)	ssl_acc 0.00e+00 (4.20e+01)
Epoch: [0][ 480/4052]	Time   0.22 (  0.25)	Data   0.00 (  0.01)	Mem (GB)    9.0 (   9.0)	loss 2.90e+00 (3.02e+00)	clip_loss 1.39e+00 (1.42e+00)	ssl_loss 1.51e+00 (1.61e+00)	clip_acc 2.50e+01 (2.70e+01)	ssl_acc 7.50e+01 (4.18e+01)
Epoch: [0][ 490/4052]	Time   0.22 (  0.24)	Data   0.00 (  0.01)	Mem (GB)    9.0 (   9.0)	loss 3.27e+00 (3.03e+00)	clip_loss 1.39e+00 (1.42e+00)	ssl_loss 1.89e+00 (1.61e+00)	clip_acc 2.50e+01 (2.69e+01)	ssl_acc 0.00e+00 (4.14e+01)
Epoch: [0][ 500/4052]	Time   0.22 (  0.24)	Data   0.00 (  0.01)	Mem (GB)    9.0 (   9.0)	loss 3.03e+00 (3.04e+00)	clip_loss 1.39e+00 (1.42e+00)	ssl_loss 1.64e+00 (1.62e+00)	clip_acc 5.00e+01 (2.69e+01)	ssl_acc 2.50e+01 (4.09e+01)
Epoch: [0][ 510/4052]	Time   0.22 (  0.24)	Data   0.00 (  0.01)	Mem (GB)    9.0 (   9.0)	loss 2.71e+00 (3.04e+00)	clip_loss 1.39e+00 (1.42e+00)	ssl_loss 1.33e+00 (1.62e+00)	clip_acc 5.00e+01 (2.70e+01)	ssl_acc 5.00e+01 (4.09e+01)
Epoch: [0][ 520/4052]	Time   0.23 (  0.24)	Data   0.00 (  0.01)	Mem (GB)    9.0 (   9.0)	loss 2.68e+00 (3.04e+00)	clip_loss 1.39e+00 (1.42e+00)	ssl_loss 1.29e+00 (1.62e+00)	clip_acc 2.50e+01 (2.68e+01)	ssl_acc 5.00e+01 (4.08e+01)
Epoch: [0][ 530/4052]	Time   0.22 (  0.24)	Data   0.00 (  0.01)	Mem (GB)    9.0 (   9.0)	loss 3.49e+00 (3.05e+00)	clip_loss 1.39e+00 (1.42e+00)	ssl_loss 2.10e+00 (1.63e+00)	clip_acc 2.50e+01 (2.68e+01)	ssl_acc 0.00e+00 (4.06e+01)
Epoch: [0][ 540/4052]	Time   0.23 (  0.24)	Data   0.00 (  0.01)	Mem (GB)    9.0 (   9.0)	loss 3.62e+00 (3.05e+00)	clip_loss 1.39e+00 (1.42e+00)	ssl_loss 2.23e+00 (1.64e+00)	clip_acc 2.50e+01 (2.68e+01)	ssl_acc 0.00e+00 (4.02e+01)
Epoch: [0][ 550/4052]	Time   0.22 (  0.24)	Data   0.00 (  0.01)	Mem (GB)    9.0 (   9.0)	loss 3.62e+00 (3.06e+00)	clip_loss 1.39e+00 (1.41e+00)	ssl_loss 2.23e+00 (1.64e+00)	clip_acc 2.50e+01 (2.68e+01)	ssl_acc 0.00e+00 (4.00e+01)
Epoch: [0][ 560/4052]	Time   0.22 (  0.24)	Data   0.00 (  0.01)	Mem (GB)    9.0 (   9.0)	loss 3.18e+00 (3.06e+00)	clip_loss 1.39e+00 (1.41e+00)	ssl_loss 1.80e+00 (1.64e+00)	clip_acc 2.50e+01 (2.67e+01)	ssl_acc 5.00e+01 (4.00e+01)
Epoch: [0][ 570/4052]	Time   0.23 (  0.24)	Data   0.00 (  0.01)	Mem (GB)    9.0 (   9.0)	loss 2.86e+00 (3.06e+00)	clip_loss 1.39e+00 (1.41e+00)	ssl_loss 1.47e+00 (1.65e+00)	clip_acc 2.50e+01 (2.67e+01)	ssl_acc 2.50e+01 (3.99e+01)
Epoch: [0][ 580/4052]	Time   0.22 (  0.24)	Data   0.00 (  0.01)	Mem (GB)    9.0 (   9.0)	loss 2.92e+00 (3.06e+00)	clip_loss 1.39e+00 (1.41e+00)	ssl_loss 1.53e+00 (1.65e+00)	clip_acc 2.50e+01 (2.67e+01)	ssl_acc 5.00e+01 (3.98e+01)
Epoch: [0][ 590/4052]	Time   0.24 (  0.24)	Data   0.00 (  0.01)	Mem (GB)    9.0 (   9.0)	loss 3.11e+00 (3.06e+00)	clip_loss 1.39e+00 (1.41e+00)	ssl_loss 1.72e+00 (1.65e+00)	clip_acc 2.50e+01 (2.66e+01)	ssl_acc 2.50e+01 (3.95e+01)
Epoch: [0][ 600/4052]	Time   0.22 (  0.24)	Data   0.00 (  0.01)	Mem (GB)    9.0 (   9.0)	loss 3.20e+00 (3.07e+00)	clip_loss 1.40e+00 (1.41e+00)	ssl_loss 1.80e+00 (1.65e+00)	clip_acc 2.50e+01 (2.66e+01)	ssl_acc 0.00e+00 (3.92e+01)
Epoch: [0][ 610/4052]	Time   0.23 (  0.24)	Data   0.00 (  0.01)	Mem (GB)    9.0 (   9.0)	loss 3.77e+00 (3.07e+00)	clip_loss 1.39e+00 (1.41e+00)	ssl_loss 2.38e+00 (1.66e+00)	clip_acc 2.50e+01 (2.66e+01)	ssl_acc 2.50e+01 (3.90e+01)
Epoch: [0][ 620/4052]	Time   0.22 (  0.24)	Data   0.00 (  0.01)	Mem (GB)    9.0 (   9.0)	loss 3.49e+00 (3.08e+00)	clip_loss 1.39e+00 (1.41e+00)	ssl_loss 2.10e+00 (1.66e+00)	clip_acc 2.50e+01 (2.66e+01)	ssl_acc 0.00e+00 (3.87e+01)
Epoch: [0][ 630/4052]	Time   0.22 (  0.24)	Data   0.00 (  0.01)	Mem (GB)    9.0 (   9.0)	loss 3.33e+00 (3.08e+00)	clip_loss 1.39e+00 (1.41e+00)	ssl_loss 1.94e+00 (1.67e+00)	clip_acc 2.50e+01 (2.65e+01)	ssl_acc 2.50e+01 (3.86e+01)
Epoch: [0][ 640/4052]	Time   0.22 (  0.24)	Data   0.00 (  0.01)	Mem (GB)    9.0 (   9.0)	loss 3.66e+00 (3.08e+00)	clip_loss 1.39e+00 (1.41e+00)	ssl_loss 2.27e+00 (1.67e+00)	clip_acc 2.50e+01 (2.66e+01)	ssl_acc 0.00e+00 (3.83e+01)
Epoch: [0][ 650/4052]	Time   0.24 (  0.24)	Data   0.00 (  0.01)	Mem (GB)    9.0 (   9.0)	loss 3.29e+00 (3.09e+00)	clip_loss 1.39e+00 (1.41e+00)	ssl_loss 1.90e+00 (1.68e+00)	clip_acc 2.50e+01 (2.65e+01)	ssl_acc 0.00e+00 (3.80e+01)
Epoch: [0][ 660/4052]	Time   0.25 (  0.24)	Data   0.00 (  0.01)	Mem (GB)    9.0 (   9.0)	loss 2.76e+00 (3.09e+00)	clip_loss 1.39e+00 (1.41e+00)	ssl_loss 1.37e+00 (1.68e+00)	clip_acc 2.50e+01 (2.66e+01)	ssl_acc 1.00e+02 (3.83e+01)
Epoch: [0][ 670/4052]	Time   0.22 (  0.24)	Data   0.00 (  0.01)	Mem (GB)    9.0 (   9.0)	loss 2.69e+00 (3.08e+00)	clip_loss 1.39e+00 (1.41e+00)	ssl_loss 1.31e+00 (1.67e+00)	clip_acc 2.50e+01 (2.66e+01)	ssl_acc 2.50e+01 (3.84e+01)
Epoch: [0][ 680/4052]	Time   0.24 (  0.24)	Data   0.00 (  0.01)	Mem (GB)    9.0 (   9.0)	loss 2.69e+00 (3.08e+00)	clip_loss 1.39e+00 (1.41e+00)	ssl_loss 1.31e+00 (1.67e+00)	clip_acc 0.00e+00 (2.65e+01)	ssl_acc 5.00e+01 (3.84e+01)
Epoch: [0][ 690/4052]	Time   0.22 (  0.24)	Data   0.00 (  0.01)	Mem (GB)    9.0 (   9.0)	loss 3.70e+00 (3.08e+00)	clip_loss 1.39e+00 (1.41e+00)	ssl_loss 2.32e+00 (1.67e+00)	clip_acc 2.50e+01 (2.66e+01)	ssl_acc 5.00e+01 (3.86e+01)
Epoch: [0][ 700/4052]	Time   0.22 (  0.24)	Data   0.00 (  0.01)	Mem (GB)    9.0 (   9.0)	loss 3.29e+00 (3.08e+00)	clip_loss 1.39e+00 (1.41e+00)	ssl_loss 1.90e+00 (1.68e+00)	clip_acc 2.50e+01 (2.65e+01)	ssl_acc 5.00e+01 (3.85e+01)
Epoch: [0][ 710/4052]	Time   0.24 (  0.24)	Data   0.00 (  0.01)	Mem (GB)    9.0 (   9.0)	loss 2.93e+00 (3.09e+00)	clip_loss 1.39e+00 (1.41e+00)	ssl_loss 1.54e+00 (1.68e+00)	clip_acc 2.50e+01 (2.65e+01)	ssl_acc 7.50e+01 (3.84e+01)
Epoch: [0][ 720/4052]	Time   0.21 (  0.24)	Data   0.00 (  0.01)	Mem (GB)    9.0 (   9.0)	loss 3.75e+00 (3.09e+00)	clip_loss 1.39e+00 (1.41e+00)	ssl_loss 2.37e+00 (1.68e+00)	clip_acc 5.00e+01 (2.65e+01)	ssl_acc 0.00e+00 (3.84e+01)
Epoch: [0][ 730/4052]	Time   0.23 (  0.24)	Data   0.00 (  0.01)	Mem (GB)    9.0 (   9.0)	loss 2.45e+00 (3.09e+00)	clip_loss 1.39e+00 (1.41e+00)	ssl_loss 1.06e+00 (1.68e+00)	clip_acc 2.50e+01 (2.64e+01)	ssl_acc 5.00e+01 (3.86e+01)
Epoch: [0][ 740/4052]	Time   0.22 (  0.24)	Data   0.00 (  0.01)	Mem (GB)    9.0 (   9.0)	loss 2.82e+00 (3.09e+00)	clip_loss 1.35e+00 (1.41e+00)	ssl_loss 1.47e+00 (1.68e+00)	clip_acc 2.50e+01 (2.65e+01)	ssl_acc 2.50e+01 (3.83e+01)
Epoch: [0][ 750/4052]	Time   0.24 (  0.24)	Data   0.00 (  0.01)	Mem (GB)    9.0 (   9.0)	loss 3.36e+00 (3.09e+00)	clip_loss 1.39e+00 (1.41e+00)	ssl_loss 1.97e+00 (1.69e+00)	clip_acc 2.50e+01 (2.65e+01)	ssl_acc 2.50e+01 (3.82e+01)
Epoch: [0][ 760/4052]	Time   0.23 (  0.24)	Data   0.00 (  0.01)	Mem (GB)    9.0 (   9.0)	loss 3.03e+00 (3.10e+00)	clip_loss 1.39e+00 (1.41e+00)	ssl_loss 1.65e+00 (1.69e+00)	clip_acc 2.50e+01 (2.65e+01)	ssl_acc 5.00e+01 (3.81e+01)
Epoch: [0][ 770/4052]	Time   0.22 (  0.24)	Data   0.00 (  0.01)	Mem (GB)    9.0 (   9.0)	loss 3.14e+00 (3.10e+00)	clip_loss 1.40e+00 (1.41e+00)	ssl_loss 1.74e+00 (1.69e+00)	clip_acc 2.50e+01 (2.66e+01)	ssl_acc 2.50e+01 (3.81e+01)
Epoch: [0][ 780/4052]	Time   0.23 (  0.24)	Data   0.00 (  0.01)	Mem (GB)    9.0 (   9.0)	loss 3.06e+00 (3.10e+00)	clip_loss 1.39e+00 (1.41e+00)	ssl_loss 1.68e+00 (1.69e+00)	clip_acc 2.50e+01 (2.65e+01)	ssl_acc 2.50e+01 (3.81e+01)
Epoch: [0][ 790/4052]	Time   0.22 (  0.24)	Data   0.00 (  0.01)	Mem (GB)    9.0 (   9.0)	loss 3.45e+00 (3.10e+00)	clip_loss 1.39e+00 (1.41e+00)	ssl_loss 2.07e+00 (1.70e+00)	clip_acc 5.00e+01 (2.65e+01)	ssl_acc 2.50e+01 (3.80e+01)
Epoch: [0][ 800/4052]	Time   0.22 (  0.24)	Data   0.00 (  0.01)	Mem (GB)    9.0 (   9.0)	loss 2.99e+00 (3.11e+00)	clip_loss 1.39e+00 (1.41e+00)	ssl_loss 1.60e+00 (1.70e+00)	clip_acc 2.50e+01 (2.64e+01)	ssl_acc 5.00e+01 (3.78e+01)
Epoch: [0][ 810/4052]	Time   0.21 (  0.24)	Data   0.00 (  0.01)	Mem (GB)    9.0 (   9.0)	loss 3.54e+00 (3.11e+00)	clip_loss 1.39e+00 (1.41e+00)	ssl_loss 2.16e+00 (1.70e+00)	clip_acc 2.50e+01 (2.64e+01)	ssl_acc 2.50e+01 (3.78e+01)
Epoch: [0][ 820/4052]	Time   0.22 (  0.24)	Data   0.00 (  0.01)	Mem (GB)    9.0 (   9.0)	loss 3.16e+00 (3.11e+00)	clip_loss 1.39e+00 (1.41e+00)	ssl_loss 1.77e+00 (1.70e+00)	clip_acc 2.50e+01 (2.64e+01)	ssl_acc 5.00e+01 (3.78e+01)
Epoch: [0][ 830/4052]	Time   0.22 (  0.24)	Data   0.00 (  0.01)	Mem (GB)    9.0 (   9.0)	loss 3.11e+00 (3.11e+00)	clip_loss 1.39e+00 (1.41e+00)	ssl_loss 1.72e+00 (1.71e+00)	clip_acc 2.50e+01 (2.64e+01)	ssl_acc 5.00e+01 (3.76e+01)
Epoch: [0][ 840/4052]	Time   0.23 (  0.24)	Data   0.00 (  0.01)	Mem (GB)    9.0 (   9.0)	loss 2.80e+00 (3.11e+00)	clip_loss 1.39e+00 (1.40e+00)	ssl_loss 1.42e+00 (1.71e+00)	clip_acc 2.50e+01 (2.64e+01)	ssl_acc 2.50e+01 (3.75e+01)
Epoch: [0][ 850/4052]	Time   0.22 (  0.24)	Data   0.00 (  0.01)	Mem (GB)    9.0 (   9.0)	loss 4.11e+00 (3.11e+00)	clip_loss 1.39e+00 (1.40e+00)	ssl_loss 2.72e+00 (1.71e+00)	clip_acc 5.00e+01 (2.64e+01)	ssl_acc 0.00e+00 (3.74e+01)
Epoch: [0][ 860/4052]	Time   0.22 (  0.24)	Data   0.00 (  0.01)	Mem (GB)    9.0 (   9.0)	loss 3.04e+00 (3.11e+00)	clip_loss 1.39e+00 (1.40e+00)	ssl_loss 1.66e+00 (1.70e+00)	clip_acc 2.50e+01 (2.63e+01)	ssl_acc 5.00e+01 (3.74e+01)
Epoch: [0][ 870/4052]	Time   0.22 (  0.24)	Data   0.00 (  0.01)	Mem (GB)    9.0 (   9.0)	loss 3.33e+00 (3.11e+00)	clip_loss 1.39e+00 (1.40e+00)	ssl_loss 1.95e+00 (1.71e+00)	clip_acc 0.00e+00 (2.64e+01)	ssl_acc 0.00e+00 (3.72e+01)
Epoch: [0][ 880/4052]	Time   0.21 (  0.24)	Data   0.00 (  0.01)	Mem (GB)    9.0 (   9.0)	loss 3.34e+00 (3.12e+00)	clip_loss 1.38e+00 (1.40e+00)	ssl_loss 1.95e+00 (1.71e+00)	clip_acc 2.50e+01 (2.64e+01)	ssl_acc 0.00e+00 (3.72e+01)
Epoch: [0][ 890/4052]	Time   0.22 (  0.23)	Data   0.00 (  0.01)	Mem (GB)    9.0 (   9.0)	loss 2.95e+00 (3.12e+00)	clip_loss 1.39e+00 (1.40e+00)	ssl_loss 1.56e+00 (1.71e+00)	clip_acc 2.50e+01 (2.64e+01)	ssl_acc 7.50e+01 (3.72e+01)
Epoch: [0][ 900/4052]	Time   0.22 (  0.23)	Data   0.00 (  0.01)	Mem (GB)    9.0 (   9.0)	loss 2.92e+00 (3.12e+00)	clip_loss 1.40e+00 (1.41e+00)	ssl_loss 1.52e+00 (1.71e+00)	clip_acc 2.50e+01 (2.64e+01)	ssl_acc 5.00e+01 (3.72e+01)
Epoch: [0][ 910/4052]	Time   0.24 (  0.23)	Data   0.00 (  0.01)	Mem (GB)    9.0 (   9.0)	loss 3.02e+00 (3.12e+00)	clip_loss 1.39e+00 (1.40e+00)	ssl_loss 1.63e+00 (1.72e+00)	clip_acc 2.50e+01 (2.64e+01)	ssl_acc 5.00e+01 (3.70e+01)
Epoch: [0][ 920/4052]	Time   0.22 (  0.23)	Data   0.00 (  0.01)	Mem (GB)    9.0 (   9.0)	loss 3.48e+00 (3.12e+00)	clip_loss 1.39e+00 (1.40e+00)	ssl_loss 2.09e+00 (1.72e+00)	clip_acc 2.50e+01 (2.64e+01)	ssl_acc 0.00e+00 (3.68e+01)
Epoch: [0][ 930/4052]	Time   0.23 (  0.23)	Data   0.00 (  0.01)	Mem (GB)    9.0 (   9.0)	loss 3.17e+00 (3.12e+00)	clip_loss 1.39e+00 (1.40e+00)	ssl_loss 1.78e+00 (1.72e+00)	clip_acc 2.50e+01 (2.65e+01)	ssl_acc 7.50e+01 (3.68e+01)
Epoch: [0][ 940/4052]	Time   0.23 (  0.23)	Data   0.00 (  0.01)	Mem (GB)    9.0 (   9.0)	loss 3.19e+00 (3.13e+00)	clip_loss 1.39e+00 (1.40e+00)	ssl_loss 1.80e+00 (1.72e+00)	clip_acc 2.50e+01 (2.64e+01)	ssl_acc 2.50e+01 (3.67e+01)
Epoch: [0][ 950/4052]	Time   0.22 (  0.23)	Data   0.00 (  0.01)	Mem (GB)    9.0 (   9.0)	loss 2.96e+00 (3.13e+00)	clip_loss 1.39e+00 (1.40e+00)	ssl_loss 1.57e+00 (1.72e+00)	clip_acc 2.50e+01 (2.64e+01)	ssl_acc 5.00e+01 (3.67e+01)
Epoch: [0][ 960/4052]	Time   0.22 (  0.23)	Data   0.00 (  0.01)	Mem (GB)    9.0 (   9.0)	loss 3.08e+00 (3.13e+00)	clip_loss 1.39e+00 (1.40e+00)	ssl_loss 1.69e+00 (1.73e+00)	clip_acc 2.50e+01 (2.64e+01)	ssl_acc 5.00e+01 (3.65e+01)
Epoch: [0][ 970/4052]	Time   0.22 (  0.23)	Data   0.00 (  0.01)	Mem (GB)    9.0 (   9.0)	loss 3.67e+00 (3.13e+00)	clip_loss 1.39e+00 (1.40e+00)	ssl_loss 2.29e+00 (1.73e+00)	clip_acc 2.50e+01 (2.64e+01)	ssl_acc 0.00e+00 (3.64e+01)
Epoch: [0][ 980/4052]	Time   0.22 (  0.23)	Data   0.00 (  0.01)	Mem (GB)    9.0 (   9.0)	loss 3.12e+00 (3.13e+00)	clip_loss 1.39e+00 (1.40e+00)	ssl_loss 1.74e+00 (1.73e+00)	clip_acc 2.50e+01 (2.64e+01)	ssl_acc 0.00e+00 (3.63e+01)
Epoch: [0][ 990/4052]	Time   0.24 (  0.23)	Data   0.00 (  0.01)	Mem (GB)    9.0 (   9.0)	loss 3.38e+00 (3.13e+00)	clip_loss 1.39e+00 (1.40e+00)	ssl_loss 1.99e+00 (1.73e+00)	clip_acc 2.50e+01 (2.65e+01)	ssl_acc 0.00e+00 (3.62e+01)
Epoch: [0][1000/4052]	Time   0.22 (  0.23)	Data   0.00 (  0.01)	Mem (GB)    9.0 (   9.0)	loss 3.17e+00 (3.14e+00)	clip_loss 1.39e+00 (1.40e+00)	ssl_loss 1.78e+00 (1.73e+00)	clip_acc 2.50e+01 (2.65e+01)	ssl_acc 0.00e+00 (3.60e+01)
Epoch: [0][1010/4052]	Time   0.22 (  0.23)	Data   0.00 (  0.01)	Mem (GB)    9.0 (   9.0)	loss 3.93e+00 (3.14e+00)	clip_loss 1.39e+00 (1.40e+00)	ssl_loss 2.55e+00 (1.73e+00)	clip_acc 2.50e+01 (2.65e+01)	ssl_acc 0.00e+00 (3.60e+01)
Epoch: [0][1020/4052]	Time   0.22 (  0.23)	Data   0.00 (  0.01)	Mem (GB)    9.0 (   9.0)	loss 2.82e+00 (3.14e+00)	clip_loss 1.39e+00 (1.40e+00)	ssl_loss 1.43e+00 (1.73e+00)	clip_acc 0.00e+00 (2.64e+01)	ssl_acc 2.50e+01 (3.59e+01)
Epoch: [0][1030/4052]	Time   0.23 (  0.23)	Data   0.00 (  0.01)	Mem (GB)    9.0 (   9.0)	loss 3.64e+00 (3.14e+00)	clip_loss 1.39e+00 (1.40e+00)	ssl_loss 2.26e+00 (1.74e+00)	clip_acc 2.50e+01 (2.64e+01)	ssl_acc 0.00e+00 (3.57e+01)
Epoch: [0][1040/4052]	Time   0.23 (  0.23)	Data   0.00 (  0.01)	Mem (GB)    9.0 (   9.0)	loss 3.08e+00 (3.14e+00)	clip_loss 1.39e+00 (1.40e+00)	ssl_loss 1.69e+00 (1.74e+00)	clip_acc 2.50e+01 (2.64e+01)	ssl_acc 5.00e+01 (3.57e+01)
Epoch: [0][1050/4052]	Time   0.22 (  0.23)	Data   0.00 (  0.01)	Mem (GB)    9.0 (   9.0)	loss 3.38e+00 (3.14e+00)	clip_loss 1.39e+00 (1.40e+00)	ssl_loss 1.99e+00 (1.74e+00)	clip_acc 2.50e+01 (2.64e+01)	ssl_acc 0.00e+00 (3.56e+01)
Epoch: [0][1060/4052]	Time   0.23 (  0.23)	Data   0.00 (  0.01)	Mem (GB)    9.0 (   9.0)	loss 3.22e+00 (3.14e+00)	clip_loss 1.38e+00 (1.40e+00)	ssl_loss 1.83e+00 (1.74e+00)	clip_acc 5.00e+01 (2.64e+01)	ssl_acc 5.00e+01 (3.55e+01)
Epoch: [0][1070/4052]	Time   0.22 (  0.23)	Data   0.00 (  0.01)	Mem (GB)    9.0 (   9.0)	loss 3.20e+00 (3.14e+00)	clip_loss 1.39e+00 (1.40e+00)	ssl_loss 1.81e+00 (1.74e+00)	clip_acc 2.50e+01 (2.64e+01)	ssl_acc 5.00e+01 (3.55e+01)
Epoch: [0][1080/4052]	Time   0.22 (  0.23)	Data   0.00 (  0.01)	Mem (GB)    9.0 (   9.0)	loss 2.73e+00 (3.14e+00)	clip_loss 1.39e+00 (1.40e+00)	ssl_loss 1.35e+00 (1.74e+00)	clip_acc 2.50e+01 (2.64e+01)	ssl_acc 5.00e+01 (3.55e+01)
Epoch: [0][1090/4052]	Time   0.22 (  0.23)	Data   0.00 (  0.01)	Mem (GB)    9.0 (   9.0)	loss 2.95e+00 (3.14e+00)	clip_loss 1.39e+00 (1.40e+00)	ssl_loss 1.57e+00 (1.74e+00)	clip_acc 2.50e+01 (2.64e+01)	ssl_acc 2.50e+01 (3.56e+01)
Epoch: [0][1100/4052]	Time   0.22 (  0.23)	Data   0.00 (  0.01)	Mem (GB)    9.0 (   9.0)	loss 2.89e+00 (3.15e+00)	clip_loss 1.39e+00 (1.40e+00)	ssl_loss 1.50e+00 (1.74e+00)	clip_acc 2.50e+01 (2.64e+01)	ssl_acc 7.50e+01 (3.55e+01)
Epoch: [0][1110/4052]	Time   0.22 (  0.23)	Data   0.00 (  0.01)	Mem (GB)    9.0 (   9.0)	loss 3.28e+00 (3.15e+00)	clip_loss 1.39e+00 (1.40e+00)	ssl_loss 1.89e+00 (1.74e+00)	clip_acc 2.50e+01 (2.64e+01)	ssl_acc 5.00e+01 (3.54e+01)
Epoch: [0][1120/4052]	Time   0.23 (  0.23)	Data   0.00 (  0.01)	Mem (GB)    9.0 (   9.0)	loss 3.12e+00 (3.15e+00)	clip_loss 1.39e+00 (1.40e+00)	ssl_loss 1.73e+00 (1.75e+00)	clip_acc 2.50e+01 (2.63e+01)	ssl_acc 5.00e+01 (3.54e+01)
Epoch: [0][1130/4052]	Time   0.24 (  0.23)	Data   0.00 (  0.01)	Mem (GB)    9.0 (   9.0)	loss 4.18e+00 (3.15e+00)	clip_loss 1.39e+00 (1.40e+00)	ssl_loss 2.80e+00 (1.75e+00)	clip_acc 2.50e+01 (2.63e+01)	ssl_acc 0.00e+00 (3.53e+01)
Epoch: [0][1140/4052]	Time   0.22 (  0.23)	Data   0.00 (  0.01)	Mem (GB)    9.0 (   9.0)	loss 3.33e+00 (3.15e+00)	clip_loss 1.39e+00 (1.40e+00)	ssl_loss 1.94e+00 (1.75e+00)	clip_acc 2.50e+01 (2.63e+01)	ssl_acc 0.00e+00 (3.53e+01)
Epoch: [0][1150/4052]	Time   0.23 (  0.23)	Data   0.00 (  0.01)	Mem (GB)    9.0 (   9.0)	loss 3.26e+00 (3.15e+00)	clip_loss 1.39e+00 (1.40e+00)	ssl_loss 1.87e+00 (1.75e+00)	clip_acc 2.50e+01 (2.63e+01)	ssl_acc 2.50e+01 (3.53e+01)
Epoch: [0][1160/4052]	Time   0.26 (  0.23)	Data   0.00 (  0.01)	Mem (GB)    9.0 (   9.0)	loss 3.32e+00 (3.15e+00)	clip_loss 1.39e+00 (1.40e+00)	ssl_loss 1.93e+00 (1.75e+00)	clip_acc 2.50e+01 (2.64e+01)	ssl_acc 2.50e+01 (3.53e+01)
Epoch: [0][1170/4052]	Time   0.22 (  0.23)	Data   0.00 (  0.01)	Mem (GB)    9.0 (   9.0)	loss 2.79e+00 (3.15e+00)	clip_loss 1.39e+00 (1.40e+00)	ssl_loss 1.40e+00 (1.75e+00)	clip_acc 2.50e+01 (2.64e+01)	ssl_acc 5.00e+01 (3.53e+01)
Epoch: [0][1180/4052]	Time   0.22 (  0.23)	Data   0.00 (  0.01)	Mem (GB)    9.0 (   9.0)	loss 4.08e+00 (3.15e+00)	clip_loss 1.39e+00 (1.40e+00)	ssl_loss 2.69e+00 (1.75e+00)	clip_acc 2.50e+01 (2.64e+01)	ssl_acc 2.50e+01 (3.54e+01)
Epoch: [0][1190/4052]	Time   0.22 (  0.23)	Data   0.00 (  0.01)	Mem (GB)    9.0 (   9.0)	loss 3.21e+00 (3.15e+00)	clip_loss 1.39e+00 (1.40e+00)	ssl_loss 1.83e+00 (1.75e+00)	clip_acc 2.50e+01 (2.64e+01)	ssl_acc 2.50e+01 (3.53e+01)
Epoch: [0][1200/4052]	Time   0.22 (  0.23)	Data   0.00 (  0.01)	Mem (GB)    9.0 (   9.0)	loss 3.06e+00 (3.15e+00)	clip_loss 1.39e+00 (1.40e+00)	ssl_loss 1.68e+00 (1.75e+00)	clip_acc 2.50e+01 (2.63e+01)	ssl_acc 2.50e+01 (3.53e+01)
Epoch: [0][1210/4052]	Time   0.23 (  0.23)	Data   0.00 (  0.01)	Mem (GB)    9.0 (   9.0)	loss 2.63e+00 (3.15e+00)	clip_loss 1.39e+00 (1.40e+00)	ssl_loss 1.25e+00 (1.75e+00)	clip_acc 0.00e+00 (2.63e+01)	ssl_acc 2.50e+01 (3.53e+01)
Epoch: [0][1220/4052]	Time   0.25 (  0.23)	Data   0.00 (  0.01)	Mem (GB)    9.0 (   9.0)	loss 2.50e+00 (3.15e+00)	clip_loss 1.39e+00 (1.40e+00)	ssl_loss 1.12e+00 (1.75e+00)	clip_acc 2.50e+01 (2.63e+01)	ssl_acc 7.50e+01 (3.54e+01)
Epoch: [0][1230/4052]	Time   0.22 (  0.23)	Data   0.00 (  0.01)	Mem (GB)    9.0 (   9.0)	loss 3.71e+00 (3.15e+00)	clip_loss 1.39e+00 (1.40e+00)	ssl_loss 2.32e+00 (1.75e+00)	clip_acc 2.50e+01 (2.63e+01)	ssl_acc 2.50e+01 (3.55e+01)
Epoch: [0][1240/4052]	Time   0.24 (  0.23)	Data   0.00 (  0.01)	Mem (GB)    9.0 (   9.0)	loss 3.59e+00 (3.15e+00)	clip_loss 1.39e+00 (1.40e+00)	ssl_loss 2.20e+00 (1.75e+00)	clip_acc 2.50e+01 (2.63e+01)	ssl_acc 0.00e+00 (3.54e+01)
Epoch: [0][1250/4052]	Time   0.22 (  0.23)	Data   0.00 (  0.01)	Mem (GB)    9.0 (   9.0)	loss 3.34e+00 (3.15e+00)	clip_loss 1.38e+00 (1.40e+00)	ssl_loss 1.96e+00 (1.75e+00)	clip_acc 5.00e+01 (2.64e+01)	ssl_acc 5.00e+01 (3.54e+01)
Epoch: [0][1260/4052]	Time   0.24 (  0.23)	Data   0.00 (  0.01)	Mem (GB)    9.0 (   9.0)	loss 2.87e+00 (3.15e+00)	clip_loss 1.39e+00 (1.40e+00)	ssl_loss 1.49e+00 (1.75e+00)	clip_acc 2.50e+01 (2.63e+01)	ssl_acc 5.00e+01 (3.55e+01)
Epoch: [0][1270/4052]	Time   0.22 (  0.23)	Data   0.00 (  0.01)	Mem (GB)    9.0 (   9.0)	loss 3.79e+00 (3.15e+00)	clip_loss 1.50e+00 (1.40e+00)	ssl_loss 2.29e+00 (1.75e+00)	clip_acc 0.00e+00 (2.64e+01)	ssl_acc 2.50e+01 (3.56e+01)
Epoch: [0][1280/4052]	Time   0.22 (  0.23)	Data   0.00 (  0.01)	Mem (GB)    9.0 (   9.0)	loss 3.11e+00 (3.16e+00)	clip_loss 1.39e+00 (1.40e+00)	ssl_loss 1.72e+00 (1.76e+00)	clip_acc 2.50e+01 (2.63e+01)	ssl_acc 5.00e+01 (3.55e+01)
Epoch: [0][1290/4052]	Time   0.22 (  0.23)	Data   0.00 (  0.01)	Mem (GB)    9.0 (   9.0)	loss 3.23e+00 (3.16e+00)	clip_loss 1.39e+00 (1.40e+00)	ssl_loss 1.84e+00 (1.76e+00)	clip_acc 2.50e+01 (2.63e+01)	ssl_acc 2.50e+01 (3.55e+01)
Epoch: [0][1300/4052]	Time   0.22 (  0.23)	Data   0.00 (  0.01)	Mem (GB)    9.0 (   9.0)	loss 2.79e+00 (3.16e+00)	clip_loss 1.39e+00 (1.40e+00)	ssl_loss 1.41e+00 (1.76e+00)	clip_acc 2.50e+01 (2.63e+01)	ssl_acc 7.50e+01 (3.54e+01)
Epoch: [0][1310/4052]	Time   0.24 (  0.23)	Data   0.00 (  0.01)	Mem (GB)    9.0 (   9.0)	loss 2.57e+00 (3.16e+00)	clip_loss 1.39e+00 (1.40e+00)	ssl_loss 1.18e+00 (1.76e+00)	clip_acc 2.50e+01 (2.63e+01)	ssl_acc 7.50e+01 (3.55e+01)
Epoch: [0][1320/4052]	Time   0.22 (  0.23)	Data   0.00 (  0.01)	Mem (GB)    9.0 (   9.0)	loss 2.66e+00 (3.16e+00)	clip_loss 1.39e+00 (1.40e+00)	ssl_loss 1.27e+00 (1.76e+00)	clip_acc 2.50e+01 (2.62e+01)	ssl_acc 2.50e+01 (3.54e+01)
Epoch: [0][1330/4052]	Time   0.22 (  0.23)	Data   0.00 (  0.01)	Mem (GB)    9.0 (   9.0)	loss 2.87e+00 (3.16e+00)	clip_loss 1.39e+00 (1.40e+00)	ssl_loss 1.48e+00 (1.76e+00)	clip_acc 2.50e+01 (2.62e+01)	ssl_acc 2.50e+01 (3.54e+01)
Epoch: [0][1340/4052]	Time   0.21 (  0.23)	Data   0.00 (  0.01)	Mem (GB)    9.0 (   9.0)	loss 3.86e+00 (3.16e+00)	clip_loss 1.39e+00 (1.40e+00)	ssl_loss 2.48e+00 (1.76e+00)	clip_acc 2.50e+01 (2.62e+01)	ssl_acc 0.00e+00 (3.54e+01)
Epoch: [0][1350/4052]	Time   0.22 (  0.23)	Data   0.00 (  0.01)	Mem (GB)    9.0 (   9.0)	loss 2.76e+00 (3.16e+00)	clip_loss 1.39e+00 (1.40e+00)	ssl_loss 1.37e+00 (1.76e+00)	clip_acc 2.50e+01 (2.62e+01)	ssl_acc 7.50e+01 (3.54e+01)
Epoch: [0][1360/4052]	Time   0.22 (  0.23)	Data   0.00 (  0.00)	Mem (GB)    9.0 (   9.0)	loss 3.01e+00 (3.16e+00)	clip_loss 1.39e+00 (1.40e+00)	ssl_loss 1.63e+00 (1.76e+00)	clip_acc 2.50e+01 (2.62e+01)	ssl_acc 5.00e+01 (3.53e+01)
Epoch: [0][1370/4052]	Time   0.23 (  0.23)	Data   0.00 (  0.00)	Mem (GB)    9.0 (   9.0)	loss 3.28e+00 (3.16e+00)	clip_loss 1.39e+00 (1.40e+00)	ssl_loss 1.89e+00 (1.76e+00)	clip_acc 2.50e+01 (2.62e+01)	ssl_acc 0.00e+00 (3.52e+01)
Epoch: [0][1380/4052]	Time   0.22 (  0.23)	Data   0.00 (  0.00)	Mem (GB)    9.0 (   9.0)	loss 3.34e+00 (3.16e+00)	clip_loss 1.39e+00 (1.40e+00)	ssl_loss 1.95e+00 (1.76e+00)	clip_acc 2.50e+01 (2.62e+01)	ssl_acc 2.50e+01 (3.51e+01)
Epoch: [0][1390/4052]	Time   0.22 (  0.23)	Data   0.00 (  0.00)	Mem (GB)    9.0 (   9.0)	loss 3.53e+00 (3.16e+00)	clip_loss 1.39e+00 (1.40e+00)	ssl_loss 2.14e+00 (1.76e+00)	clip_acc 2.50e+01 (2.61e+01)	ssl_acc 0.00e+00 (3.51e+01)
Epoch: [0][1400/4052]	Time   0.23 (  0.23)	Data   0.00 (  0.00)	Mem (GB)    9.0 (   9.0)	loss 3.21e+00 (3.16e+00)	clip_loss 1.39e+00 (1.40e+00)	ssl_loss 1.82e+00 (1.76e+00)	clip_acc 2.50e+01 (2.61e+01)	ssl_acc 2.50e+01 (3.51e+01)
Epoch: [0][1410/4052]	Time   0.22 (  0.23)	Data   0.00 (  0.00)	Mem (GB)    9.0 (   9.0)	loss 3.67e+00 (3.16e+00)	clip_loss 1.39e+00 (1.40e+00)	ssl_loss 2.28e+00 (1.76e+00)	clip_acc 2.50e+01 (2.61e+01)	ssl_acc 0.00e+00 (3.50e+01)
Epoch: [0][1420/4052]	Time   0.24 (  0.23)	Data   0.00 (  0.00)	Mem (GB)    9.0 (   9.0)	loss 3.32e+00 (3.16e+00)	clip_loss 1.40e+00 (1.40e+00)	ssl_loss 1.93e+00 (1.76e+00)	clip_acc 2.50e+01 (2.61e+01)	ssl_acc 2.50e+01 (3.50e+01)
Epoch: [0][1430/4052]	Time   0.22 (  0.23)	Data   0.00 (  0.00)	Mem (GB)    9.0 (   9.0)	loss 3.20e+00 (3.16e+00)	clip_loss 1.39e+00 (1.40e+00)	ssl_loss 1.81e+00 (1.76e+00)	clip_acc 2.50e+01 (2.62e+01)	ssl_acc 2.50e+01 (3.50e+01)
Epoch: [0][1440/4052]	Time   0.23 (  0.23)	Data   0.00 (  0.00)	Mem (GB)    9.0 (   9.0)	loss 3.19e+00 (3.16e+00)	clip_loss 1.39e+00 (1.40e+00)	ssl_loss 1.80e+00 (1.77e+00)	clip_acc 2.50e+01 (2.61e+01)	ssl_acc 2.50e+01 (3.49e+01)
Epoch: [0][1450/4052]	Time   0.22 (  0.23)	Data   0.00 (  0.00)	Mem (GB)    9.0 (   9.0)	loss 2.99e+00 (3.16e+00)	clip_loss 1.39e+00 (1.40e+00)	ssl_loss 1.60e+00 (1.77e+00)	clip_acc 5.00e+01 (2.61e+01)	ssl_acc 5.00e+01 (3.48e+01)
Epoch: [0][1460/4052]	Time   0.22 (  0.23)	Data   0.00 (  0.00)	Mem (GB)    9.0 (   9.0)	loss 3.26e+00 (3.17e+00)	clip_loss 1.39e+00 (1.40e+00)	ssl_loss 1.87e+00 (1.77e+00)	clip_acc 2.50e+01 (2.61e+01)	ssl_acc 0.00e+00 (3.48e+01)
Epoch: [0][1470/4052]	Time   0.22 (  0.23)	Data   0.00 (  0.00)	Mem (GB)    9.0 (   9.0)	loss 3.48e+00 (3.17e+00)	clip_loss 1.39e+00 (1.40e+00)	ssl_loss 2.09e+00 (1.77e+00)	clip_acc 5.00e+01 (2.61e+01)	ssl_acc 0.00e+00 (3.47e+01)
Epoch: [0][1480/4052]	Time   0.22 (  0.23)	Data   0.00 (  0.00)	Mem (GB)    9.0 (   9.0)	loss 3.28e+00 (3.17e+00)	clip_loss 1.39e+00 (1.40e+00)	ssl_loss 1.90e+00 (1.77e+00)	clip_acc 2.50e+01 (2.61e+01)	ssl_acc 2.50e+01 (3.47e+01)
Epoch: [0][1490/4052]	Time   0.22 (  0.23)	Data   0.00 (  0.00)	Mem (GB)    9.0 (   9.0)	loss 3.21e+00 (3.17e+00)	clip_loss 1.39e+00 (1.40e+00)	ssl_loss 1.82e+00 (1.77e+00)	clip_acc 2.50e+01 (2.61e+01)	ssl_acc 2.50e+01 (3.46e+01)
Epoch: [0][1500/4052]	Time   0.23 (  0.23)	Data   0.00 (  0.00)	Mem (GB)    9.0 (   9.0)	loss 2.91e+00 (3.17e+00)	clip_loss 1.39e+00 (1.40e+00)	ssl_loss 1.52e+00 (1.77e+00)	clip_acc 2.50e+01 (2.61e+01)	ssl_acc 7.50e+01 (3.45e+01)
Epoch: [0][1510/4052]	Time   0.23 (  0.23)	Data   0.00 (  0.00)	Mem (GB)    9.0 (   9.0)	loss 3.34e+00 (3.17e+00)	clip_loss 1.39e+00 (1.40e+00)	ssl_loss 1.96e+00 (1.77e+00)	clip_acc 2.50e+01 (2.61e+01)	ssl_acc 0.00e+00 (3.45e+01)
Epoch: [0][1520/4052]	Time   0.22 (  0.23)	Data   0.00 (  0.00)	Mem (GB)    9.0 (   9.0)	loss 3.03e+00 (3.17e+00)	clip_loss 1.39e+00 (1.40e+00)	ssl_loss 1.64e+00 (1.77e+00)	clip_acc 2.50e+01 (2.61e+01)	ssl_acc 5.00e+01 (3.45e+01)
Epoch: [0][1530/4052]	Time   0.22 (  0.23)	Data   0.00 (  0.00)	Mem (GB)    9.0 (   9.0)	loss 3.40e+00 (3.17e+00)	clip_loss 1.39e+00 (1.40e+00)	ssl_loss 2.02e+00 (1.77e+00)	clip_acc 2.50e+01 (2.61e+01)	ssl_acc 0.00e+00 (3.44e+01)
Epoch: [0][1540/4052]	Time   0.22 (  0.23)	Data   0.00 (  0.00)	Mem (GB)    9.0 (   9.0)	loss 3.64e+00 (3.17e+00)	clip_loss 1.39e+00 (1.40e+00)	ssl_loss 2.25e+00 (1.77e+00)	clip_acc 2.50e+01 (2.61e+01)	ssl_acc 0.00e+00 (3.43e+01)
Epoch: [0][1550/4052]	Time   0.22 (  0.23)	Data   0.00 (  0.00)	Mem (GB)    9.0 (   9.0)	loss 3.05e+00 (3.17e+00)	clip_loss 1.39e+00 (1.40e+00)	ssl_loss 1.67e+00 (1.77e+00)	clip_acc 2.50e+01 (2.61e+01)	ssl_acc 2.50e+01 (3.43e+01)
Epoch: [0][1560/4052]	Time   0.24 (  0.23)	Data   0.00 (  0.00)	Mem (GB)    9.0 (   9.0)	loss 2.79e+00 (3.17e+00)	clip_loss 1.39e+00 (1.40e+00)	ssl_loss 1.41e+00 (1.77e+00)	clip_acc 2.50e+01 (2.61e+01)	ssl_acc 5.00e+01 (3.43e+01)
Epoch: [0][1570/4052]	Time   0.22 (  0.23)	Data   0.00 (  0.00)	Mem (GB)    9.0 (   9.0)	loss 2.90e+00 (3.17e+00)	clip_loss 1.39e+00 (1.40e+00)	ssl_loss 1.51e+00 (1.77e+00)	clip_acc 2.50e+01 (2.61e+01)	ssl_acc 5.00e+01 (3.43e+01)
Epoch: [0][1580/4052]	Time   0.22 (  0.23)	Data   0.00 (  0.00)	Mem (GB)    9.0 (   9.0)	loss 3.38e+00 (3.17e+00)	clip_loss 1.39e+00 (1.40e+00)	ssl_loss 1.99e+00 (1.77e+00)	clip_acc 2.50e+01 (2.61e+01)	ssl_acc 0.00e+00 (3.43e+01)
Epoch: [0][1590/4052]	Time   0.23 (  0.23)	Data   0.00 (  0.00)	Mem (GB)    9.0 (   9.0)	loss 2.80e+00 (3.17e+00)	clip_loss 1.39e+00 (1.40e+00)	ssl_loss 1.42e+00 (1.77e+00)	clip_acc 2.50e+01 (2.61e+01)	ssl_acc 7.50e+01 (3.44e+01)
Epoch: [0][1600/4052]	Time   0.22 (  0.23)	Data   0.00 (  0.00)	Mem (GB)    9.0 (   9.0)	loss 3.37e+00 (3.17e+00)	clip_loss 1.39e+00 (1.40e+00)	ssl_loss 1.98e+00 (1.77e+00)	clip_acc 2.50e+01 (2.61e+01)	ssl_acc 0.00e+00 (3.44e+01)
Epoch: [0][1610/4052]	Time   0.21 (  0.23)	Data   0.00 (  0.00)	Mem (GB)    9.0 (   9.0)	loss 2.68e+00 (3.17e+00)	clip_loss 1.39e+00 (1.40e+00)	ssl_loss 1.30e+00 (1.77e+00)	clip_acc 2.50e+01 (2.61e+01)	ssl_acc 1.00e+02 (3.44e+01)
Epoch: [0][1620/4052]	Time   0.22 (  0.23)	Data   0.00 (  0.00)	Mem (GB)    9.0 (   9.0)	loss 4.15e+00 (3.17e+00)	clip_loss 1.39e+00 (1.40e+00)	ssl_loss 2.76e+00 (1.77e+00)	clip_acc 2.50e+01 (2.61e+01)	ssl_acc 2.50e+01 (3.45e+01)
Epoch: [0][1630/4052]	Time   0.22 (  0.23)	Data   0.00 (  0.00)	Mem (GB)    9.0 (   9.0)	loss 2.71e+00 (3.17e+00)	clip_loss 1.39e+00 (1.40e+00)	ssl_loss 1.32e+00 (1.77e+00)	clip_acc 2.50e+01 (2.61e+01)	ssl_acc 5.00e+01 (3.45e+01)
Epoch: [0][1640/4052]	Time   0.22 (  0.23)	Data   0.00 (  0.00)	Mem (GB)    9.0 (   9.0)	loss 3.66e+00 (3.17e+00)	clip_loss 1.39e+00 (1.40e+00)	ssl_loss 2.28e+00 (1.77e+00)	clip_acc 2.50e+01 (2.61e+01)	ssl_acc 0.00e+00 (3.44e+01)
Epoch: [0][1650/4052]	Time   0.23 (  0.23)	Data   0.00 (  0.00)	Mem (GB)    9.0 (   9.0)	loss 2.91e+00 (3.17e+00)	clip_loss 1.39e+00 (1.40e+00)	ssl_loss 1.53e+00 (1.77e+00)	clip_acc 2.50e+01 (2.61e+01)	ssl_acc 7.50e+01 (3.44e+01)
Epoch: [0][1660/4052]	Time   0.22 (  0.23)	Data   0.00 (  0.00)	Mem (GB)    9.0 (   9.0)	loss 3.23e+00 (3.17e+00)	clip_loss 1.39e+00 (1.40e+00)	ssl_loss 1.84e+00 (1.77e+00)	clip_acc 2.50e+01 (2.60e+01)	ssl_acc 0.00e+00 (3.44e+01)
Epoch: [0][1670/4052]	Time   0.22 (  0.23)	Data   0.00 (  0.00)	Mem (GB)    9.0 (   9.0)	loss 3.99e+00 (3.17e+00)	clip_loss 1.39e+00 (1.40e+00)	ssl_loss 2.61e+00 (1.77e+00)	clip_acc 2.50e+01 (2.60e+01)	ssl_acc 0.00e+00 (3.45e+01)
Epoch: [0][1680/4052]	Time   0.22 (  0.23)	Data   0.00 (  0.00)	Mem (GB)    9.0 (   9.0)	loss 2.74e+00 (3.17e+00)	clip_loss 1.39e+00 (1.40e+00)	ssl_loss 1.36e+00 (1.77e+00)	clip_acc 2.50e+01 (2.60e+01)	ssl_acc 5.00e+01 (3.45e+01)
Epoch: [0][1690/4052]	Time   0.24 (  0.23)	Data   0.00 (  0.00)	Mem (GB)    9.0 (   9.0)	loss 2.81e+00 (3.17e+00)	clip_loss 1.39e+00 (1.40e+00)	ssl_loss 1.43e+00 (1.77e+00)	clip_acc 2.50e+01 (2.60e+01)	ssl_acc 0.00e+00 (3.44e+01)
Epoch: [0][1700/4052]	Time   0.22 (  0.23)	Data   0.00 (  0.00)	Mem (GB)    9.0 (   9.0)	loss 3.15e+00 (3.17e+00)	clip_loss 1.39e+00 (1.40e+00)	ssl_loss 1.76e+00 (1.77e+00)	clip_acc 2.50e+01 (2.60e+01)	ssl_acc 2.50e+01 (3.44e+01)
Epoch: [0][1710/4052]	Time   0.22 (  0.23)	Data   0.00 (  0.00)	Mem (GB)    9.0 (   9.0)	loss 3.35e+00 (3.17e+00)	clip_loss 1.39e+00 (1.40e+00)	ssl_loss 1.97e+00 (1.78e+00)	clip_acc 2.50e+01 (2.60e+01)	ssl_acc 2.50e+01 (3.43e+01)
Epoch: [0][1720/4052]	Time   0.22 (  0.23)	Data   0.00 (  0.00)	Mem (GB)    9.0 (   9.0)	loss 3.00e+00 (3.17e+00)	clip_loss 1.39e+00 (1.40e+00)	ssl_loss 1.61e+00 (1.78e+00)	clip_acc 2.50e+01 (2.60e+01)	ssl_acc 0.00e+00 (3.43e+01)
Epoch: [0][1730/4052]	Time   0.22 (  0.23)	Data   0.00 (  0.00)	Mem (GB)    9.0 (   9.0)	loss 3.75e+00 (3.17e+00)	clip_loss 1.39e+00 (1.40e+00)	ssl_loss 2.36e+00 (1.78e+00)	clip_acc 2.50e+01 (2.60e+01)	ssl_acc 0.00e+00 (3.42e+01)
Epoch: [0][1740/4052]	Time   0.22 (  0.23)	Data   0.00 (  0.00)	Mem (GB)    9.0 (   9.0)	loss 3.48e+00 (3.17e+00)	clip_loss 1.39e+00 (1.40e+00)	ssl_loss 2.09e+00 (1.78e+00)	clip_acc 2.50e+01 (2.60e+01)	ssl_acc 0.00e+00 (3.42e+01)
Epoch: [0][1750/4052]	Time   0.22 (  0.23)	Data   0.00 (  0.00)	Mem (GB)    9.0 (   9.0)	loss 3.21e+00 (3.17e+00)	clip_loss 1.39e+00 (1.40e+00)	ssl_loss 1.82e+00 (1.78e+00)	clip_acc 2.50e+01 (2.60e+01)	ssl_acc 5.00e+01 (3.42e+01)
Epoch: [0][1760/4052]	Time   0.22 (  0.23)	Data   0.00 (  0.00)	Mem (GB)    9.0 (   9.0)	loss 2.95e+00 (3.17e+00)	clip_loss 1.39e+00 (1.40e+00)	ssl_loss 1.57e+00 (1.78e+00)	clip_acc 2.50e+01 (2.60e+01)	ssl_acc 0.00e+00 (3.41e+01)
Epoch: [0][1770/4052]	Time   0.22 (  0.23)	Data   0.00 (  0.00)	Mem (GB)    9.0 (   9.0)	loss 2.97e+00 (3.18e+00)	clip_loss 1.39e+00 (1.40e+00)	ssl_loss 1.58e+00 (1.78e+00)	clip_acc 2.50e+01 (2.60e+01)	ssl_acc 0.00e+00 (3.40e+01)
Epoch: [0][1780/4052]	Time   0.22 (  0.23)	Data   0.00 (  0.00)	Mem (GB)    9.0 (   9.0)	loss 2.98e+00 (3.18e+00)	clip_loss 1.39e+00 (1.40e+00)	ssl_loss 1.59e+00 (1.78e+00)	clip_acc 2.50e+01 (2.60e+01)	ssl_acc 5.00e+01 (3.39e+01)
Epoch: [0][1790/4052]	Time   0.21 (  0.23)	Data   0.00 (  0.00)	Mem (GB)    9.0 (   9.0)	loss 2.79e+00 (3.18e+00)	clip_loss 1.39e+00 (1.40e+00)	ssl_loss 1.41e+00 (1.78e+00)	clip_acc 2.50e+01 (2.60e+01)	ssl_acc 1.00e+02 (3.39e+01)
Epoch: [0][1800/4052]	Time   0.22 (  0.23)	Data   0.00 (  0.00)	Mem (GB)    9.0 (   9.0)	loss 2.97e+00 (3.18e+00)	clip_loss 1.39e+00 (1.40e+00)	ssl_loss 1.58e+00 (1.78e+00)	clip_acc 2.50e+01 (2.59e+01)	ssl_acc 2.50e+01 (3.39e+01)
Epoch: [0][1810/4052]	Time   0.22 (  0.23)	Data   0.00 (  0.00)	Mem (GB)    9.0 (   9.0)	loss 2.52e+00 (3.18e+00)	clip_loss 1.39e+00 (1.40e+00)	ssl_loss 1.13e+00 (1.78e+00)	clip_acc 0.00e+00 (2.59e+01)	ssl_acc 1.00e+02 (3.39e+01)
Epoch: [0][1820/4052]	Time   0.22 (  0.23)	Data   0.00 (  0.00)	Mem (GB)    9.0 (   9.0)	loss 2.78e+00 (3.18e+00)	clip_loss 1.39e+00 (1.40e+00)	ssl_loss 1.39e+00 (1.78e+00)	clip_acc 2.50e+01 (2.60e+01)	ssl_acc 2.50e+01 (3.40e+01)
Epoch: [0][1830/4052]	Time   0.22 (  0.23)	Data   0.00 (  0.00)	Mem (GB)    9.0 (   9.0)	loss 3.46e+00 (3.18e+00)	clip_loss 1.39e+00 (1.40e+00)	ssl_loss 2.08e+00 (1.78e+00)	clip_acc 2.50e+01 (2.60e+01)	ssl_acc 2.50e+01 (3.39e+01)
Epoch: [0][1840/4052]	Time   0.23 (  0.23)	Data   0.00 (  0.00)	Mem (GB)    9.0 (   9.0)	loss 3.15e+00 (3.18e+00)	clip_loss 1.39e+00 (1.40e+00)	ssl_loss 1.77e+00 (1.78e+00)	clip_acc 0.00e+00 (2.60e+01)	ssl_acc 0.00e+00 (3.38e+01)
Epoch: [0][1850/4052]	Time   0.22 (  0.23)	Data   0.00 (  0.00)	Mem (GB)    9.0 (   9.0)	loss 3.02e+00 (3.18e+00)	clip_loss 1.39e+00 (1.40e+00)	ssl_loss 1.64e+00 (1.78e+00)	clip_acc 2.50e+01 (2.60e+01)	ssl_acc 5.00e+01 (3.38e+01)
Epoch: [0][1860/4052]	Time   0.22 (  0.23)	Data   0.00 (  0.00)	Mem (GB)    9.0 (   9.0)	loss 3.23e+00 (3.18e+00)	clip_loss 1.39e+00 (1.40e+00)	ssl_loss 1.84e+00 (1.78e+00)	clip_acc 2.50e+01 (2.59e+01)	ssl_acc 2.50e+01 (3.38e+01)
Epoch: [0][1870/4052]	Time   0.22 (  0.23)	Data   0.00 (  0.00)	Mem (GB)    9.0 (   9.0)	loss 2.84e+00 (3.18e+00)	clip_loss 1.39e+00 (1.40e+00)	ssl_loss 1.46e+00 (1.78e+00)	clip_acc 5.00e+01 (2.60e+01)	ssl_acc 2.50e+01 (3.37e+01)
Epoch: [0][1880/4052]	Time   0.23 (  0.23)	Data   0.00 (  0.00)	Mem (GB)    9.0 (   9.0)	loss 3.34e+00 (3.18e+00)	clip_loss 1.39e+00 (1.40e+00)	ssl_loss 1.95e+00 (1.78e+00)	clip_acc 2.50e+01 (2.59e+01)	ssl_acc 0.00e+00 (3.37e+01)
Epoch: [0][1890/4052]	Time   0.22 (  0.23)	Data   0.00 (  0.00)	Mem (GB)    9.0 (   9.0)	loss 3.30e+00 (3.18e+00)	clip_loss 1.39e+00 (1.40e+00)	ssl_loss 1.91e+00 (1.78e+00)	clip_acc 2.50e+01 (2.59e+01)	ssl_acc 2.50e+01 (3.37e+01)
Epoch: [0][1900/4052]	Time   0.22 (  0.23)	Data   0.00 (  0.00)	Mem (GB)    9.0 (   9.0)	loss 3.45e+00 (3.18e+00)	clip_loss 1.39e+00 (1.40e+00)	ssl_loss 2.07e+00 (1.78e+00)	clip_acc 2.50e+01 (2.59e+01)	ssl_acc 2.50e+01 (3.37e+01)
Epoch: [0][1910/4052]	Time   0.23 (  0.23)	Data   0.00 (  0.00)	Mem (GB)    9.0 (   9.0)	loss 3.15e+00 (3.18e+00)	clip_loss 1.38e+00 (1.40e+00)	ssl_loss 1.76e+00 (1.78e+00)	clip_acc 2.50e+01 (2.59e+01)	ssl_acc 0.00e+00 (3.36e+01)
Epoch: [0][1920/4052]	Time   0.22 (  0.23)	Data   0.00 (  0.00)	Mem (GB)    9.0 (   9.0)	loss 3.03e+00 (3.18e+00)	clip_loss 1.39e+00 (1.40e+00)	ssl_loss 1.64e+00 (1.78e+00)	clip_acc 2.50e+01 (2.59e+01)	ssl_acc 5.00e+01 (3.35e+01)
Epoch: [0][1930/4052]	Time   0.22 (  0.23)	Data   0.00 (  0.00)	Mem (GB)    9.0 (   9.0)	loss 3.22e+00 (3.18e+00)	clip_loss 1.39e+00 (1.40e+00)	ssl_loss 1.84e+00 (1.78e+00)	clip_acc 2.50e+01 (2.59e+01)	ssl_acc 2.50e+01 (3.35e+01)
Epoch: [0][1940/4052]	Time   0.24 (  0.23)	Data   0.00 (  0.00)	Mem (GB)    9.0 (   9.0)	loss 3.18e+00 (3.18e+00)	clip_loss 1.39e+00 (1.40e+00)	ssl_loss 1.79e+00 (1.78e+00)	clip_acc 2.50e+01 (2.59e+01)	ssl_acc 0.00e+00 (3.35e+01)
Epoch: [0][1950/4052]	Time   0.23 (  0.23)	Data   0.00 (  0.00)	Mem (GB)    9.0 (   9.0)	loss 3.01e+00 (3.18e+00)	clip_loss 1.39e+00 (1.40e+00)	ssl_loss 1.63e+00 (1.78e+00)	clip_acc 2.50e+01 (2.59e+01)	ssl_acc 2.50e+01 (3.34e+01)
Epoch: [0][1960/4052]	Time   0.23 (  0.23)	Data   0.00 (  0.00)	Mem (GB)    9.0 (   9.0)	loss 3.38e+00 (3.18e+00)	clip_loss 1.39e+00 (1.40e+00)	ssl_loss 1.99e+00 (1.78e+00)	clip_acc 2.50e+01 (2.59e+01)	ssl_acc 2.50e+01 (3.34e+01)
Epoch: [0][1970/4052]	Time   0.24 (  0.23)	Data   0.00 (  0.00)	Mem (GB)    9.0 (   9.0)	loss 3.06e+00 (3.18e+00)	clip_loss 1.39e+00 (1.40e+00)	ssl_loss 1.68e+00 (1.78e+00)	clip_acc 2.50e+01 (2.59e+01)	ssl_acc 2.50e+01 (3.34e+01)
Epoch: [0][1980/4052]	Time   0.22 (  0.23)	Data   0.00 (  0.00)	Mem (GB)    9.0 (   9.0)	loss 2.77e+00 (3.18e+00)	clip_loss 1.39e+00 (1.40e+00)	ssl_loss 1.39e+00 (1.78e+00)	clip_acc 2.50e+01 (2.59e+01)	ssl_acc 2.50e+01 (3.34e+01)
Epoch: [0][1990/4052]	Time   0.23 (  0.23)	Data   0.00 (  0.00)	Mem (GB)    9.0 (   9.0)	loss 3.56e+00 (3.18e+00)	clip_loss 1.39e+00 (1.40e+00)	ssl_loss 2.18e+00 (1.78e+00)	clip_acc 2.50e+01 (2.59e+01)	ssl_acc 0.00e+00 (3.34e+01)
Epoch: [0][2000/4052]	Time   0.23 (  0.23)	Data   0.00 (  0.00)	Mem (GB)    9.0 (   9.0)	loss 3.71e+00 (3.18e+00)	clip_loss 1.39e+00 (1.40e+00)	ssl_loss 2.32e+00 (1.78e+00)	clip_acc 2.50e+01 (2.59e+01)	ssl_acc 0.00e+00 (3.34e+01)
Epoch: [0][2010/4052]	Time   0.22 (  0.23)	Data   0.00 (  0.00)	Mem (GB)    9.0 (   9.0)	loss 2.97e+00 (3.18e+00)	clip_loss 1.39e+00 (1.40e+00)	ssl_loss 1.58e+00 (1.78e+00)	clip_acc 2.50e+01 (2.59e+01)	ssl_acc 5.00e+01 (3.34e+01)
Epoch: [0][2020/4052]	Time   0.21 (  0.23)	Data   0.00 (  0.00)	Mem (GB)    9.0 (   9.0)	loss 2.85e+00 (3.18e+00)	clip_loss 1.39e+00 (1.40e+00)	ssl_loss 1.46e+00 (1.78e+00)	clip_acc 2.50e+01 (2.59e+01)	ssl_acc 2.50e+01 (3.35e+01)
Epoch: [0][2030/4052]	Time   0.22 (  0.23)	Data   0.00 (  0.00)	Mem (GB)    9.0 (   9.0)	loss 2.66e+00 (3.18e+00)	clip_loss 1.39e+00 (1.40e+00)	ssl_loss 1.27e+00 (1.78e+00)	clip_acc 2.50e+01 (2.59e+01)	ssl_acc 7.50e+01 (3.35e+01)
Epoch: [0][2040/4052]	Time   0.22 (  0.23)	Data   0.00 (  0.00)	Mem (GB)    9.0 (   9.0)	loss 3.48e+00 (3.18e+00)	clip_loss 1.39e+00 (1.40e+00)	ssl_loss 2.09e+00 (1.78e+00)	clip_acc 2.50e+01 (2.59e+01)	ssl_acc 0.00e+00 (3.34e+01)
Epoch: [0][2050/4052]	Time   0.23 (  0.23)	Data   0.00 (  0.00)	Mem (GB)    9.0 (   9.0)	loss 3.65e+00 (3.18e+00)	clip_loss 1.39e+00 (1.40e+00)	ssl_loss 2.26e+00 (1.78e+00)	clip_acc 2.50e+01 (2.59e+01)	ssl_acc 2.50e+01 (3.35e+01)
Epoch: [0][2060/4052]	Time   0.23 (  0.23)	Data   0.00 (  0.00)	Mem (GB)    9.0 (   9.0)	loss 3.10e+00 (3.18e+00)	clip_loss 1.39e+00 (1.40e+00)	ssl_loss 1.71e+00 (1.78e+00)	clip_acc 5.00e+01 (2.59e+01)	ssl_acc 0.00e+00 (3.35e+01)
Epoch: [0][2070/4052]	Time   0.22 (  0.23)	Data   0.00 (  0.00)	Mem (GB)    9.0 (   9.0)	loss 3.14e+00 (3.18e+00)	clip_loss 1.39e+00 (1.40e+00)	ssl_loss 1.76e+00 (1.78e+00)	clip_acc 2.50e+01 (2.59e+01)	ssl_acc 2.50e+01 (3.34e+01)
Epoch: [0][2080/4052]	Time   0.22 (  0.23)	Data   0.00 (  0.00)	Mem (GB)    9.0 (   9.0)	loss 3.26e+00 (3.18e+00)	clip_loss 1.39e+00 (1.40e+00)	ssl_loss 1.87e+00 (1.78e+00)	clip_acc 2.50e+01 (2.59e+01)	ssl_acc 0.00e+00 (3.33e+01)
Epoch: [0][2090/4052]	Time   0.22 (  0.23)	Data   0.00 (  0.00)	Mem (GB)    9.0 (   9.0)	loss 3.21e+00 (3.18e+00)	clip_loss 1.39e+00 (1.40e+00)	ssl_loss 1.82e+00 (1.79e+00)	clip_acc 2.50e+01 (2.58e+01)	ssl_acc 2.50e+01 (3.33e+01)
Epoch: [0][2100/4052]	Time   0.23 (  0.23)	Data   0.00 (  0.00)	Mem (GB)    9.0 (   9.0)	loss 3.13e+00 (3.18e+00)	clip_loss 1.39e+00 (1.40e+00)	ssl_loss 1.74e+00 (1.79e+00)	clip_acc 5.00e+01 (2.58e+01)	ssl_acc 2.50e+01 (3.32e+01)
Epoch: [0][2110/4052]	Time   0.24 (  0.23)	Data   0.00 (  0.00)	Mem (GB)    9.0 (   9.0)	loss 2.92e+00 (3.18e+00)	clip_loss 1.39e+00 (1.40e+00)	ssl_loss 1.53e+00 (1.79e+00)	clip_acc 2.50e+01 (2.58e+01)	ssl_acc 5.00e+01 (3.32e+01)
Epoch: [0][2120/4052]	Time   0.22 (  0.23)	Data   0.00 (  0.00)	Mem (GB)    9.0 (   9.0)	loss 3.57e+00 (3.18e+00)	clip_loss 1.39e+00 (1.40e+00)	ssl_loss 2.19e+00 (1.79e+00)	clip_acc 2.50e+01 (2.58e+01)	ssl_acc 0.00e+00 (3.32e+01)
Epoch: [0][2130/4052]	Time   0.22 (  0.23)	Data   0.00 (  0.00)	Mem (GB)    9.0 (   9.0)	loss 3.63e+00 (3.18e+00)	clip_loss 1.39e+00 (1.40e+00)	ssl_loss 2.25e+00 (1.79e+00)	clip_acc 2.50e+01 (2.58e+01)	ssl_acc 0.00e+00 (3.31e+01)
Epoch: [0][2140/4052]	Time   0.22 (  0.23)	Data   0.00 (  0.00)	Mem (GB)    9.0 (   9.0)	loss 3.55e+00 (3.18e+00)	clip_loss 1.39e+00 (1.40e+00)	ssl_loss 2.16e+00 (1.79e+00)	clip_acc 2.50e+01 (2.58e+01)	ssl_acc 0.00e+00 (3.31e+01)
Epoch: [0][2150/4052]	Time   0.23 (  0.23)	Data   0.00 (  0.00)	Mem (GB)    9.0 (   9.0)	loss 3.20e+00 (3.18e+00)	clip_loss 1.39e+00 (1.40e+00)	ssl_loss 1.82e+00 (1.79e+00)	clip_acc 2.50e+01 (2.58e+01)	ssl_acc 2.50e+01 (3.31e+01)
Epoch: [0][2160/4052]	Time   0.22 (  0.23)	Data   0.00 (  0.00)	Mem (GB)    9.0 (   9.0)	loss 3.15e+00 (3.18e+00)	clip_loss 1.39e+00 (1.40e+00)	ssl_loss 1.76e+00 (1.79e+00)	clip_acc 2.50e+01 (2.58e+01)	ssl_acc 5.00e+01 (3.30e+01)
Epoch: [0][2170/4052]	Time   0.23 (  0.23)	Data   0.00 (  0.00)	Mem (GB)    9.0 (   9.0)	loss 3.20e+00 (3.19e+00)	clip_loss 1.39e+00 (1.40e+00)	ssl_loss 1.81e+00 (1.79e+00)	clip_acc 2.50e+01 (2.58e+01)	ssl_acc 5.00e+01 (3.30e+01)
Epoch: [0][2180/4052]	Time   0.22 (  0.23)	Data   0.00 (  0.00)	Mem (GB)    9.0 (   9.0)	loss 3.38e+00 (3.19e+00)	clip_loss 1.39e+00 (1.40e+00)	ssl_loss 2.00e+00 (1.79e+00)	clip_acc 2.50e+01 (2.58e+01)	ssl_acc 5.00e+01 (3.30e+01)
Epoch: [0][2190/4052]	Time   0.22 (  0.23)	Data   0.00 (  0.00)	Mem (GB)    9.0 (   9.0)	loss 4.01e+00 (3.19e+00)	clip_loss 1.39e+00 (1.40e+00)	ssl_loss 2.63e+00 (1.79e+00)	clip_acc 2.50e+01 (2.58e+01)	ssl_acc 0.00e+00 (3.30e+01)
Epoch: [0][2200/4052]	Time   0.23 (  0.23)	Data   0.00 (  0.00)	Mem (GB)    9.0 (   9.0)	loss 3.14e+00 (3.19e+00)	clip_loss 1.39e+00 (1.40e+00)	ssl_loss 1.75e+00 (1.79e+00)	clip_acc 2.50e+01 (2.58e+01)	ssl_acc 5.00e+01 (3.29e+01)
Epoch: [0][2210/4052]	Time   0.22 (  0.23)	Data   0.00 (  0.00)	Mem (GB)    9.0 (   9.0)	loss 3.18e+00 (3.19e+00)	clip_loss 1.39e+00 (1.40e+00)	ssl_loss 1.79e+00 (1.79e+00)	clip_acc 2.50e+01 (2.57e+01)	ssl_acc 2.50e+01 (3.29e+01)
Epoch: [0][2220/4052]	Time   0.24 (  0.23)	Data   0.00 (  0.00)	Mem (GB)    9.0 (   9.0)	loss 3.23e+00 (3.19e+00)	clip_loss 1.39e+00 (1.40e+00)	ssl_loss 1.84e+00 (1.79e+00)	clip_acc 2.50e+01 (2.57e+01)	ssl_acc 2.50e+01 (3.29e+01)
Loss is nan, stopping training
